<?xml version="1.0" encoding="UTF-8"?>
<!-- Generated by org.testng.reporters.JUnitReportReporter -->
<testsuite hostname="AnilVarma" failures="0" tests="1" name="com.orange_hrm.testcases.TestCase001" time="2.953" errors="0" timestamp="2022-07-19T12:11:47 IST" skipped="0">
  <testcase classname="com.orange_hrm.testcases.TestCase001" name="loginTest" time="2.953"/>
  <system-out>
    <![CDATA[OrangeHRM]]>
  </system-out>
</testsuite> <!-- com.orange_hrm.testcases.TestCase001 -->
